<?xml version="1.0" encoding="UTF-8" ?>
<testsuite tests="14" failures="0" name="DataStructure.MySetIT" time="0.012" errors="0" skipped="0">
  <properties>
[...]
</properties>
  <testcase classname="DataStructure.MySetIT" name="DataStructure.MySetIT.testSet" time="0.012"/>
  <testcase classname="DataStructure.MySetIT" name="DataStructure.MySetIT.testAdd_GenericType" time="0"/>
  <testcase classname="DataStructure.MySetIT" name="DataStructure.MySetIT.testAdd_int_GenericType" time="0"/>
  <testcase classname="DataStructure.MySetIT" name="DataStructure.MySetIT.testRemoveElem_GenericType" time="0"/>
  <testcase classname="DataStructure.MySetIT" name="DataStructure.MySetIT.testIntersection" time="0"/>
  <testcase classname="DataStructure.MySetIT" name="DataStructure.MySetIT.testRemove_int" time="0"/>
  <testcase classname="DataStructure.MySetIT" name="DataStructure.MySetIT.testDifference" time="0"/>
  <testcase classname="DataStructure.MySetIT" name="DataStructure.MySetIT.testContains" time="0"/>
  <testcase classname="DataStructure.MySetIT" name="DataStructure.MySetIT.testIsEmpty" time="0"/>
  <testcase classname="DataStructure.MySetIT" name="DataStructure.MySetIT.testIndexOf" time="0"/>
  <testcase classname="DataStructure.MySetIT" name="DataStructure.MySetIT.testGet" time="0"/>
  <testcase classname="DataStructure.MySetIT" name="DataStructure.MySetIT.testClear" time="0"/>
  <testcase classname="DataStructure.MySetIT" name="DataStructure.MySetIT.testUnion" time="0"/>
  <testcase classname="DataStructure.MySetIT" name="DataStructure.MySetIT.testSize" time="0"/>
</testsuite>